<?xml version="1.0" encoding="UTF-8"?>
<!-- Generated by org.testng.reporters.JUnitXMLReporter -->
<testsuite hostname="DESKTOP-96NNTLC" ignored="0" name="Test-0" tests="1" failures="0" timestamp="2022-11-20T22:58:06 IST" time="26.272" errors="0">
  <testcase name="CrossBrowser" time="26.064" classname="CrossBrowserTesting_BrowserStack.CrossBrowserTesting_BrowserStack"/>
</testsuite> <!-- Test-0 -->
