<?xml version="1.0" encoding="UTF-8"?>
<!-- Generated by org.testng.reporters.JUnitReportReporter -->
<testsuite skipped="0" hostname="DESKTOP-96NNTLC" name="CrossBrowserTesting_BrowserStack.CrossBrowserTesting_BrowserStack" tests="3" failures="0" timestamp="2022-11-20T22:58:07 IST" time="67.515" errors="0">
  <testcase name="CrossBrowser" time="16.985" classname="CrossBrowserTesting_BrowserStack.CrossBrowserTesting_BrowserStack"/>
  <system-out/>
  <testcase name="CrossBrowser" time="26.064" classname="CrossBrowserTesting_BrowserStack.CrossBrowserTesting_BrowserStack"/>
  <system-out/>
  <testcase name="CrossBrowser" time="24.466" classname="CrossBrowserTesting_BrowserStack.CrossBrowserTesting_BrowserStack"/>
  <system-out/>
</testsuite> <!-- CrossBrowserTesting_BrowserStack.CrossBrowserTesting_BrowserStack -->
